<?xml version="1.0" encoding="UTF-8"?>
<!-- Generated by org.testng.reporters.JUnitReportReporter -->
<testsuite hostname="DESKTOP-0F25DS4" failures="0" tests="1" name="NagwaTest" time="10.490" errors="0" timestamp="2022-09-24T17:21:01 EET" skipped="0">
  <testcase classname="NagwaTest" name="test_search" time="10.490"/>
  <system-out/>
</testsuite> <!-- NagwaTest -->
